build/app/outputs/mapping/release/seeds.txt
com.dorto.seen.MainActivity
com.dorto.seen.MainActivity: MainActivity()
...
androidx.window.layout.HardwareFoldingFeature: HardwareFoldingFeature(androidx.window.core.Bounds,androidx.window.layout.HardwareFoldingFeature$Type,androidx.window.layout.FoldingFeature$State)
androidx.appcompat.widget.AppCompatAutoCompleteTextView: android.graphics.PorterDuff$Mode getSupportBackgroundTintMode()
com.google.android.exoplayer2.source.smoothstreaming.SsMediaPeriod: long getAdjustedSeekPositionUs(long,com.google.android.exoplayer2.SeekParameters)
androidx.window.layout.WindowInfoTrackerImpl$windowLayoutInfo$1: void invokeSuspend$lambda-0(kotlinx.coroutines.channels.Channel,androidx.window.layout.WindowLayoutInfo)
io.flutter.plugins.urllauncher.UrlLauncher$LaunchStatus: io.flutter.plugins.urllauncher.UrlLauncher$LaunchStatus valueOf(java.lang.String)
androidx.appcompat.widget.AppCompatSpinner: int getDropDownVerticalOffset()
androidx.appcompat.view.menu.ActionMenuItemView: void setCheckable(boolean)
com.sangcomz.fishbun.util.RadioWithTextButton: void setCircleColor(int)
com.google.android.exoplayer2.source.hls.HlsMediaPeriod: void buildAndPrepareSampleStreamWrappers(long)
androidx.recyclerview.widget.RecyclerView: androidx.recyclerview.widget.RecyclerView$LayoutManager getLayoutManager()
androidx.window.embedding.EmbeddingAdapter: java.util.function.Predicate translateParentMetricsPredicate(androidx.window.embedding.SplitRule)
com.google.android.exoplayer2.text.cea.Cea708Decoder: void flush()
androidx.window.embedding.EmptyEmbeddingComponent: void setSplitInfoCallback(java.util.function.Consumer)
androidx.constraintlayout.widget.ConstraintLayout: void setId(int)
androidx.window.layout.SidecarWindowBackend$Companion: androidx.window.layout.SidecarWindowBackend getInstance(android.content.Context)
com.google.android.material.button.MaterialButton: void setIconSize(int)
androidx.window.layout.ExtensionWindowLayoutInfoBackend: ExtensionWindowLayoutInfoBackend(androidx.window.extensions.layout.WindowLayoutComponent)
io.flutter.plugin.editing.TextInputPlugin$InputTarget$Type: io.flutter.plugin.editing.TextInputPlugin$InputTarget$Type valueOf(java.lang.String)
androidx.constraintlayout.solver.widgets.Barrier: void analyze(int)
com.google.android.exoplayer2.source.ads.AdPlaybackState$AdGroup: com.google.android.exoplayer2.source.ads.AdPlaybackState$AdGroup withAdCount(int)
io.flutter.view.AccessibilityBridge$TextDirection: io.flutter.view.AccessibilityBridge$TextDirection[] values()
com.google.common.collect.Iterators$EmptyModifiableIterator: com.google.common.collect.Iterators$EmptyModifiableIterator valueOf(java.lang.String)
com.google.common.collect.ImmutableMap$Builder: void sortEntries()
kotlin.coroutines.jvm.internal.BaseContinuationImpl: void releaseIntercepted()
androidx.window.layout.FoldingFeature$Orientation: FoldingFeature$Orientation(java.lang.String)
com.google.android.material.bottomappbar.BottomAppBar: android.content.res.ColorStateList getBackgroundTint()
androidx.appcompat.widget.AppCompatTextView: java.lang.CharSequence getText()
androidx.appcompat.widget.Toolbar: android.graphics.drawable.Drawable getOverflowIcon()
androidx.appcompat.widget.LinearLayoutCompat: LinearLayoutCompat(android.content.Context,android.util.AttributeSet,int)
androidx.window.layout.SidecarAdapter$Companion: java.util.List getSidecarDisplayFeatures(androidx.window.sidecar.SidecarWindowLayoutInfo)
androidx.core.app.CoreComponentFactory: CoreComponentFactory()
androidx.core.view.ViewGroupCompat$Api21Impl: void setTransitionGroup(android.view.ViewGroup,boolean)
androidx.window.core.Version$bigInteger$2: Version$bigInteger$2(androidx.window.core.Version)
androidx.window.layout.FoldingFeature: boolean isSeparating()
androidx.window.layout.SidecarCompat$FirstAttachAdapter: void onViewDetachedFromWindow(android.view.View)
androidx.appcompat.widget.AppCompatImageView: android.content.res.ColorStateList getSupportBackgroundTintList()
io.flutter.embedding.engine.FlutterJNI: void onDisplayOverlaySurface(int,int,int,int,int)