build/app/outputs/mapping/release/mapping.txt
# compiler: R8
# compiler_version: 3.2.47
# min_api: 20
# common_typos_disable
# {"id":"com.android.tools.r8.mapping","version":"2.0"}
# pg_map_id: 8905d91
# pg_map_hash: SHA-256 8905d91dc1858908f22c7c769e023b70c478c0624d4345c84accabde5d6fb4a5
...
androidx.coordinatorlayout.widget.ViewGroupUtils -> androidx.coordinatorlayout.widget.b:
    java.lang.ThreadLocal sMatrix -> a
    java.lang.ThreadLocal sRectF -> b
    void getDescendantRect(android.view.ViewGroup,android.view.View,android.graphics.Rect) -> a
    void offsetDescendantMatrix(android.view.ViewParent,android.view.View,android.graphics.Matrix) -> b
    void offsetDescendantRect(android.view.ViewGroup,android.view.View,android.graphics.Rect) -> c
androidx.core.R$attr -> p.a:
    int lStar -> b
    int nestedScrollViewStyle -> c
    int alpha -> a
androidx.core.R$id -> p.b:
    int accessibility_custom_action_2 -> n
    int tag_transition_group -> O
    int accessibility_custom_action_18 -> l
    int tag_screen_reader_focusable -> M
    int accessibility_custom_action_16 -> j
    int tag_accessibility_pane_title -> K
    int accessibility_custom_action_14 -> h
    int tag_accessibility_clickable_spans -> I
    int accessibility_custom_action_12 -> f
    int accessibility_custom_action_9 -> G
    int accessibility_custom_action_10 -> d
    int accessibility_custom_action_7 -> E
    int accessibility_custom_action_0 -> b
    int accessibility_custom_action_5 -> C
    int accessibility_custom_action_31 -> A
    int accessibility_custom_action_3 -> y
    int accessibility_custom_action_28 -> w
    int accessibility_custom_action_26 -> u
    int tag_window_insets_animation_callback -> R
    int accessibility_custom_action_24 -> s
    int tag_unhandled_key_event_manager -> P
    int accessibility_custom_action_22 -> q
    int tag_state_description -> N
    int accessibility_custom_action_20 -> o
    int tag_on_apply_window_listener -> L
    int accessibility_custom_action_19 -> m
    int tag_accessibility_heading -> J
    int accessibility_custom_action_17 -> k
    int tag_accessibility_actions -> H
    int accessibility_custom_action_15 -> i
    int accessibility_custom_action_8 -> F
    int accessibility_custom_action_13 -> g
    int accessibility_custom_action_6 -> D
    int accessibility_custom_action_11 -> e
androidx.core.R$styleable -> p.c:
    int FontFamily_fontProviderQuery -> n
    int GradientColorItem_android_color -> O
    int FontFamily_fontProviderFetchTimeout -> l
    int GradientColor_android_endY -> M
    int FontFamily_fontProviderCerts -> j
    int GradientColor_android_startY -> K
    int GradientColor_android_centerColor -> I
    int ColorStateListItem_alpha -> f
    int GradientColor_android_gradientRadius -> G
    int ColorStateListItem_android_alpha -> d
    int[] GradientColor -> A
    int GradientColor_android_centerX -> E
    int GradientColor_android_endColor -> C
    int[] FontFamily -> h
    int[] ColorStateListItem -> b
    int FontFamilyFont_fontWeight -> y
    int FontFamilyFont_fontStyle -> w
    int[] FontFamilyFont -> p
    int FontFamilyFont_android_fontVariationSettings -> u
    int FontFamilyFont_android_fontStyle -> s
    int GradientColorItem_android_offset -> P
    int FontFamilyFont_android_font -> q
    int FontFamily_fontProviderSystemFontFamily -> o
    int GradientColor_android_endX -> L
    int FontFamily_fontProviderPackage -> m
    int GradientColor_android_startX -> J
    int FontFamily_fontProviderFetchStrategy -> k
    int GradientColor_android_tileMode -> H
    int FontFamily_fontProviderAuthority -> i
    int GradientColor_android_centerY -> F
    int ColorStateListItem_lStar -> g
    int GradientColor_android_type -> D
    int[] Capability -> a
    int ColorStateListItem_android_lStar -> e
androidx.core.app.ActivityCompat -> androidx.core.app.a:
    androidx.core.app.ActivityCompat$PermissionCompatDelegate sDelegate -> c
    void finishAffinity(android.app.Activity) -> h
    androidx.core.app.ActivityCompat$PermissionCompatDelegate getPermissionCompatDelegate() -> i
    void requestPermissions(android.app.Activity,java.lang.String[],int) -> j
    boolean shouldShowRequestPermissionRationale(android.app.Activity,java.lang.String) -> k